<?xml version="1.0" encoding="UTF-8"?>
<!-- Generated by org.testng.reporters.JUnitXMLReporter -->
<testsuite hostname="DESKTOP-AIBD1RS" ignored="0" name="Heading Assertion" tests="1" failures="1" timestamp="2020-04-07T00:08:25 IST" time="14.06" errors="0">
  <testcase name="Text" time="0.048" classname="hybrid.AssertionTestHeading">
    <failure type="java.lang.AssertionError" message="expected [AN ACADEMY TO LEARN EVERYTHING ABOUT ESTING] but found [AN ACADEMY TO LEARN EVERYTHING ABOUT TESTING]">
      <![CDATA[java.lang.AssertionError: expected [AN ACADEMY TO LEARN EVERYTHING ABOUT ESTING] but found [AN ACADEMY TO LEARN EVERYTHING ABOUT TESTING]
at hybrid.AssertionTestHeading.Text(AssertionTestHeading.java:32)
at java.util.ArrayList.forEach(Unknown Source)
... Removed 32 stack frames]]>
    </failure>
  </testcase> <!-- Text -->
</testsuite> <!-- Heading Assertion -->
