<?xml version="1.0" encoding="UTF-8"?>
<!-- Generated by org.testng.reporters.JUnitXMLReporter -->
<testsuite hostname="DESKTOP-AIBD1RS" ignored="0" name="Test" tests="3" failures="1" timestamp="2020-03-30T18:22:30 IST" time="42.027" errors="0">
  <testcase name="homePage" time="0.899" classname="hybrid.MainTest"/>
  <testcase name="nav" time="0.311" classname="hybrid.validationNav"/>
  <testcase name="Text" time="0.157" classname="hybrid.AssertionTestHeading">
    <failure type="java.lang.AssertionError" message="expected [AN ACADEMY TO LEARN EVERYTHING ABOUT ESTING] but found [AN ACADEMY TO LEARN EVERYTHING ABOUT TESTING]">
      <![CDATA[java.lang.AssertionError: expected [AN ACADEMY TO LEARN EVERYTHING ABOUT ESTING] but found [AN ACADEMY TO LEARN EVERYTHING ABOUT TESTING]
at hybrid.AssertionTestHeading.Text(AssertionTestHeading.java:27)
at java.util.ArrayList.forEach(Unknown Source)
... Removed 32 stack frames]]>
    </failure>
  </testcase> <!-- Text -->
</testsuite> <!-- Test -->
